# JRE version: OpenJDK Runtime Environment (17.0.10) (build 17.0.10+0--11609105)
# Java VM: OpenJDK 64-Bit Server VM (17.0.10+0--11609105, mixed mode, tiered, compressed oops, compressed class ptrs, g1 gc, windows-amd64)
GC Precious Log:
 CPUs: 4 total, 4 available
 Memory: 16332M
 Large Page Support: Disabled
 NUMA Support: Disabled
 Compressed Oops: Enabled (Zero based)
 Heap Region Size: 4M
 Heap Min Capacity: 8M
 Heap Initial Capacity: 256M
 Heap Max Capacity: 4608M
 Pre-touch: Disabled
 Parallel Workers: 4
 Concurrent Workers: 1
 Concurrent Refinement Workers: 4
 Periodic GC: Disabled
Heap:
 garbage-first heap   total 610304K, used 424548K [0x00000006e0000000, 0x0000000800000000)
  region size 4096K, 39 young (159744K), 3 survivors (12288K)
 Metaspace       used 143184K, committed 144320K, reserved 1179648K
  class space    used 19346K, committed 19904K, reserved 1048576K
GC Heap History (20 events):
Event: 21.427 GC heap before
{Heap before GC invocations=54 (full 0):
 garbage-first heap   total 344064K, used 285272K [0x00000006e0000000, 0x0000000800000000)
  region size 4096K, 25 young (102400K), 2 survivors (8192K)
 Metaspace       used 107910K, committed 108800K, reserved 1179648K
  class space    used 14692K, committed 15104K, reserved 1048576K
}
Event: 21.434 GC heap after
{Heap after GC invocations=55 (full 0):
 garbage-first heap   total 344064K, used 193494K [0x00000006e0000000, 0x0000000800000000)
  region size 4096K, 3 young (12288K), 3 survivors (12288K)
 Metaspace       used 107910K, committed 108800K, reserved 1179648K
  class space    used 14692K, committed 15104K, reserved 1048576K
}
Event: 21.926 GC heap before
{Heap before GC invocations=56 (full 0):
 garbage-first heap   total 368640K, used 287702K [0x00000006e0000000, 0x0000000800000000)
  region size 4096K, 26 young (106496K), 3 survivors (12288K)
 Metaspace       used 107911K, committed 108800K, reserved 1179648K
  class space    used 14692K, committed 15104K, reserved 1048576K
}
Event: 21.933 GC heap after
{Heap after GC invocations=57 (full 0):
 garbage-first heap   total 368640K, used 195767K [0x00000006e0000000, 0x0000000800000000)
  region size 4096K, 3 young (12288K), 3 survivors (12288K)
 Metaspace       used 107911K, committed 108800K, reserved 1179648K
  class space    used 14692K, committed 15104K, reserved 1048576K
}
Event: 22.369 GC heap before
{Heap before GC invocations=57 (full 0):
 garbage-first heap   total 368640K, used 257207K [0x00000006e0000000, 0x0000000800000000)
  region size 4096K, 19 young (77824K), 3 survivors (12288K)
 Metaspace       used 108295K, committed 109184K, reserved 1179648K
  class space    used 14768K, committed 15168K, reserved 1048576K
}
Event: 22.377 GC heap after
{Heap after GC invocations=58 (full 0):
 garbage-first heap   total 368640K, used 197790K [0x00000006e0000000, 0x0000000800000000)
  region size 4096K, 3 young (12288K), 3 survivors (12288K)
 Metaspace       used 108295K, committed 109184K, reserved 1179648K
  class space    used 14768K, committed 15168K, reserved 1048576K
}
Event: 23.682 GC heap before
{Heap before GC invocations=59 (full 0):
 garbage-first heap   total 368640K, used 312478K [0x00000006e0000000, 0x0000000800000000)
  region size 4096K, 30 young (122880K), 3 survivors (12288K)
 Metaspace       used 122073K, committed 122944K, reserved 1179648K
  class space    used 16888K, committed 17280K, reserved 1048576K
}
Event: 23.691 GC heap after
{Heap after GC invocations=60 (full 0):
 garbage-first heap   total 368640K, used 201494K [0x00000006e0000000, 0x0000000800000000)
  region size 4096K, 3 young (12288K), 3 survivors (12288K)
 Metaspace       used 122073K, committed 122944K, reserved 1179648K
  class space    used 16888K, committed 17280K, reserved 1048576K
}
Event: 25.292 GC heap before
{Heap before GC invocations=60 (full 0):
 garbage-first heap   total 368640K, used 312086K [0x00000006e0000000, 0x0000000800000000)
  region size 4096K, 30 young (122880K), 3 survivors (12288K)
 Metaspace       used 127374K, committed 128320K, reserved 1179648K
  class space    used 17500K, committed 17920K, reserved 1048576K
}
Event: 25.306 GC heap after
{Heap after GC invocations=61 (full 0):
 garbage-first heap   total 368640K, used 209815K [0x00000006e0000000, 0x0000000800000000)
  region size 4096K, 4 young (16384K), 4 survivors (16384K)
 Metaspace       used 127374K, committed 128320K, reserved 1179648K
  class space    used 17500K, committed 17920K, reserved 1048576K
}
Event: 26.263 GC heap before
{Heap before GC invocations=62 (full 0):
 garbage-first heap   total 389120K, used 299927K [0x00000006e0000000, 0x0000000800000000)
  region size 4096K, 27 young (110592K), 4 survivors (16384K)
 Metaspace       used 128770K, committed 129728K, reserved 1179648K
  class space    used 17655K, committed 18112K, reserved 1048576K
}
Event: 26.280 GC heap after
{Heap after GC invocations=63 (full 0):
 garbage-first heap   total 389120K, used 216560K [0x00000006e0000000, 0x0000000800000000)
  region size 4096K, 3 young (12288K), 3 survivors (12288K)
 Metaspace       used 128770K, committed 129728K, reserved 1179648K
  class space    used 17655K, committed 18112K, reserved 1048576K
}
Event: 32.172 GC heap before
{Heap before GC invocations=63 (full 0):
 garbage-first heap   total 389120K, used 314864K [0x00000006e0000000, 0x0000000800000000)
  region size 4096K, 28 young (114688K), 3 survivors (12288K)
 Metaspace       used 136556K, committed 137600K, reserved 1179648K
  class space    used 18458K, committed 18944K, reserved 1048576K
}
Event: 32.183 GC heap after
{Heap after GC invocations=64 (full 0):
 garbage-first heap   total 389120K, used 222737K [0x00000006e0000000, 0x0000000800000000)
  region size 4096K, 2 young (8192K), 2 survivors (8192K)
 Metaspace       used 136556K, committed 137600K, reserved 1179648K
  class space    used 18458K, committed 18944K, reserved 1048576K
}
Event: 33.420 GC heap before
{Heap before GC invocations=65 (full 0):
 garbage-first heap   total 397312K, used 316945K [0x00000006e0000000, 0x0000000800000000)
  region size 4096K, 26 young (106496K), 2 survivors (8192K)
 Metaspace       used 139473K, committed 140608K, reserved 1179648K
  class space    used 18839K, committed 19392K, reserved 1048576K
}
Event: 33.440 GC heap after
{Heap after GC invocations=66 (full 0):
 garbage-first heap   total 397312K, used 231948K [0x00000006e0000000, 0x0000000800000000)
  region size 4096K, 4 young (16384K), 4 survivors (16384K)
 Metaspace       used 139473K, committed 140608K, reserved 1179648K
  class space    used 18839K, committed 19392K, reserved 1048576K
}
Event: 33.525 GC heap before
{Heap before GC invocations=66 (full 0):
 garbage-first heap   total 397312K, used 236044K [0x00000006e0000000, 0x0000000800000000)
  region size 4096K, 5 young (20480K), 4 survivors (16384K)
 Metaspace       used 139851K, committed 140992K, reserved 1179648K
  class space    used 18913K, committed 19456K, reserved 1048576K
}
Event: 33.540 GC heap after
{Heap after GC invocations=67 (full 0):
 garbage-first heap   total 397312K, used 231869K [0x00000006e0000000, 0x0000000800000000)
  region size 4096K, 1 young (4096K), 1 survivors (4096K)
 Metaspace       used 139851K, committed 140992K, reserved 1179648K
  class space    used 18913K, committed 19456K, reserved 1048576K
}
Event: 34.538 GC heap before
{Heap before GC invocations=67 (full 0):
 garbage-first heap   total 397312K, used 326077K [0x00000006e0000000, 0x0000000800000000)
  region size 4096K, 25 young (102400K), 1 survivors (4096K)
 Metaspace       used 141895K, committed 143040K, reserved 1179648K
  class space    used 19154K, committed 19712K, reserved 1048576K
}
Event: 34.549 GC heap after
{Heap after GC invocations=68 (full 0):
 garbage-first heap   total 610304K, used 240228K [0x00000006e0000000, 0x0000000800000000)
  region size 4096K, 3 young (12288K), 3 survivors (12288K)
 Metaspace       used 141895K, committed 143040K, reserved 1179648K
  class space    used 19154K, committed 19712K, reserved 1048576K
}

